<?xml version="1.0" encoding="UTF-8"?>
<!-- Generated by org.testng.reporters.JUnitReportReporter -->
<testsuite skipped="4" hostname="DESKTOP-LB2MBC3" name="com.nopcommerce.users.Level_15_Register_Login_Share_State_Part2_Sort" tests="4" failures="0" timestamp="20 Jan 2021 09:05:38 GMT" time="0.000" errors="0">
  <testcase name="TC_03_Sort_Price_Ascending" time="0.000" classname="com.nopcommerce.users.Level_15_Register_Login_Share_State_Part2_Sort">
    <skipped/>
  </testcase> <!-- TC_03_Sort_Price_Ascending -->
  <testcase name="TC_04_Sort_Price_Descending" time="0.000" classname="com.nopcommerce.users.Level_15_Register_Login_Share_State_Part2_Sort">
    <skipped/>
  </testcase> <!-- TC_04_Sort_Price_Descending -->
  <testcase name="TC_01_Sort_Name_Ascendingr" time="0.000" classname="com.nopcommerce.users.Level_15_Register_Login_Share_State_Part2_Sort">
    <skipped/>
  </testcase> <!-- TC_01_Sort_Name_Ascendingr -->
  <testcase name="TC_02_Sort_Name_Descending" time="0.000" classname="com.nopcommerce.users.Level_15_Register_Login_Share_State_Part2_Sort">
    <skipped/>
  </testcase> <!-- TC_02_Sort_Name_Descending -->
</testsuite> <!-- com.nopcommerce.users.Level_15_Register_Login_Share_State_Part2_Sort -->
