<?xml version="1.0" encoding="UTF-8"?>
<!-- Generated by org.testng.reporters.JUnitReportReporter -->
<testsuite skipped="3" hostname="DESKTOP-LB2MBC3" name="com.nopcommerce.users.Level_01_Register_Login" tests="3" failures="0" timestamp="20 Jan 2021 09:05:38 GMT" time="0.000" errors="0">
  <testcase name="TC_02_Login" time="0.000" classname="com.nopcommerce.users.Level_01_Register_Login">
    <skipped/>
  </testcase> <!-- TC_02_Login -->
  <testcase name="TC_03_View_My_Account" time="0.000" classname="com.nopcommerce.users.Level_01_Register_Login">
    <skipped/>
  </testcase> <!-- TC_03_View_My_Account -->
  <testcase name="TC_01_Register" time="0.000" classname="com.nopcommerce.users.Level_01_Register_Login">
    <skipped/>
  </testcase> <!-- TC_01_Register -->
</testsuite> <!-- com.nopcommerce.users.Level_01_Register_Login -->
