<?xml version="1.0" encoding="UTF-8"?>
<!-- Generated by org.testng.reporters.JUnitReportReporter -->
<testsuite skipped="3" hostname="DESKTOP-LB2MBC3" name="com.nopcommerce.users.Level_17_Register_Login_Pattern_Object" tests="3" failures="0" timestamp="20 Jan 2021 09:05:38 GMT" time="0.000" errors="0">
  <testcase name="TC_01_Validate_At_Register_Form" time="0.000" classname="com.nopcommerce.users.Level_17_Register_Login_Pattern_Object">
    <skipped/>
  </testcase> <!-- TC_01_Validate_At_Register_Form -->
  <testcase name="TC_02_Register_Success" time="0.000" classname="com.nopcommerce.users.Level_17_Register_Login_Pattern_Object">
    <skipped/>
  </testcase> <!-- TC_02_Register_Success -->
  <testcase name="TC_03_Login" time="0.000" classname="com.nopcommerce.users.Level_17_Register_Login_Pattern_Object">
    <skipped/>
  </testcase> <!-- TC_03_Login -->
</testsuite> <!-- com.nopcommerce.users.Level_17_Register_Login_Pattern_Object -->
