<?xml version="1.0" encoding="UTF-8"?>
<!-- Generated by org.testng.reporters.JUnitReportReporter -->
<testsuite skipped="5" hostname="DESKTOP-LB2MBC3" name="com.nopcommerce.users.Level_08_Register_Login_Dynamic_Locator_Rest_Parameter" tests="5" failures="0" timestamp="20 Jan 2021 09:05:38 GMT" time="0.000" errors="0">
  <testcase name="TC_05_Rest_Parameter_02" time="0.000" classname="com.nopcommerce.users.Level_08_Register_Login_Dynamic_Locator_Rest_Parameter">
    <skipped/>
  </testcase> <!-- TC_05_Rest_Parameter_02 -->
  <testcase name="TC_03_View_My_Account" time="0.000" classname="com.nopcommerce.users.Level_08_Register_Login_Dynamic_Locator_Rest_Parameter">
    <skipped/>
  </testcase> <!-- TC_03_View_My_Account -->
  <testcase name="TC_01_Register" time="0.000" classname="com.nopcommerce.users.Level_08_Register_Login_Dynamic_Locator_Rest_Parameter">
    <skipped/>
  </testcase> <!-- TC_01_Register -->
  <testcase name="TC_02_Login" time="0.000" classname="com.nopcommerce.users.Level_08_Register_Login_Dynamic_Locator_Rest_Parameter">
    <skipped/>
  </testcase> <!-- TC_02_Login -->
  <testcase name="TC_04_Rest_Parameter_01" time="0.000" classname="com.nopcommerce.users.Level_08_Register_Login_Dynamic_Locator_Rest_Parameter">
    <skipped/>
  </testcase> <!-- TC_04_Rest_Parameter_01 -->
</testsuite> <!-- com.nopcommerce.users.Level_08_Register_Login_Dynamic_Locator_Rest_Parameter -->
