<?xml version="1.0" encoding="UTF-8"?>
<!-- Generated by org.testng.reporters.JUnitReportReporter -->
<testsuite skipped="2" hostname="DESKTOP-LB2MBC3" name="com.nopcommerce.users.Level_14_Register_Login_Allure_Report" tests="2" failures="0" timestamp="20 Jan 2021 09:05:38 GMT" time="0.000" errors="0">
  <testcase name="TC_01_Register" time="0.000" classname="com.nopcommerce.users.Level_14_Register_Login_Allure_Report">
    <skipped/>
  </testcase> <!-- TC_01_Register -->
  <testcase name="TC_02_Login" time="0.000" classname="com.nopcommerce.users.Level_14_Register_Login_Allure_Report">
    <skipped/>
  </testcase> <!-- TC_02_Login -->
</testsuite> <!-- com.nopcommerce.users.Level_14_Register_Login_Allure_Report -->
