<?xml version="1.0" encoding="UTF-8"?>
<!-- Generated by org.testng.reporters.JUnitReportReporter -->
<testsuite skipped="1" hostname="DESKTOP-LB2MBC3" name="com.nopcommerce.admin.Level_10_Upload_File" tests="1" failures="0" timestamp="20 Jan 2021 09:05:38 GMT" time="0.000" errors="0">
  <testcase name="TC_01_UploadFile" time="0.000" classname="com.nopcommerce.admin.Level_10_Upload_File">
    <skipped/>
  </testcase> <!-- TC_01_UploadFile -->
</testsuite> <!-- com.nopcommerce.admin.Level_10_Upload_File -->
