<?xml version="1.0" encoding="UTF-8"?>
<!-- Generated by org.testng.reporters.JUnitReportReporter -->
<testsuite skipped="5" hostname="DESKTOP-LB2MBC3" name="com.nopcommerce.users.Level_15_Register_Login_Share_State_Part1_Search" tests="5" failures="0" timestamp="20 Jan 2021 09:05:38 GMT" time="0.000" errors="0">
  <testcase name="TC_02_Search_Product_With_Category" time="0.000" classname="com.nopcommerce.users.Level_15_Register_Login_Share_State_Part1_Search">
    <skipped/>
  </testcase> <!-- TC_02_Search_Product_With_Category -->
  <testcase name="TC_05_Search_Product_With_Manufacturer" time="0.000" classname="com.nopcommerce.users.Level_15_Register_Login_Share_State_Part1_Search">
    <skipped/>
  </testcase> <!-- TC_05_Search_Product_With_Manufacturer -->
  <testcase name="TC_03_Search_Product_With_Sub_Category" time="0.000" classname="com.nopcommerce.users.Level_15_Register_Login_Share_State_Part1_Search">
    <skipped/>
  </testcase> <!-- TC_03_Search_Product_With_Sub_Category -->
  <testcase name="TC_04_Search_Product_With_Price" time="0.000" classname="com.nopcommerce.users.Level_15_Register_Login_Share_State_Part1_Search">
    <skipped/>
  </testcase> <!-- TC_04_Search_Product_With_Price -->
  <testcase name="TC_01_Search_Product_With_Namer" time="0.000" classname="com.nopcommerce.users.Level_15_Register_Login_Share_State_Part1_Search">
    <skipped/>
  </testcase> <!-- TC_01_Search_Product_With_Namer -->
</testsuite> <!-- com.nopcommerce.users.Level_15_Register_Login_Share_State_Part1_Search -->
