<?xml version="1.0" encoding="UTF-8"?>
<!-- Generated by org.testng.reporters.JUnitReportReporter -->
<testsuite skipped="7" hostname="DESKTOP-LB2MBC3" name="com.liveguru.user.Level_18_Live_Coding_Liveguru" tests="7" failures="0" timestamp="20 Jan 2021 09:05:38 GMT" time="0.000" errors="0">
  <testcase name="TC_09_Add_Review" time="0.000" classname="com.liveguru.user.Level_18_Live_Coding_Liveguru">
    <skipped/>
  </testcase> <!-- TC_09_Add_Review -->
  <testcase name="TC_07_Compare_Product" time="0.000" classname="com.liveguru.user.Level_18_Live_Coding_Liveguru">
    <skipped/>
  </testcase> <!-- TC_07_Compare_Product -->
  <testcase name="TC_03_Account_Information" time="0.000" classname="com.liveguru.user.Level_18_Live_Coding_Liveguru">
    <skipped/>
  </testcase> <!-- TC_03_Account_Information -->
  <testcase name="TC_11_Search_Product" time="0.000" classname="com.liveguru.user.Level_18_Live_Coding_Liveguru">
    <skipped/>
  </testcase> <!-- TC_11_Search_Product -->
  <testcase name="TC_02_Login_To_System" time="0.000" classname="com.liveguru.user.Level_18_Live_Coding_Liveguru">
    <skipped/>
  </testcase> <!-- TC_02_Login_To_System -->
  <testcase name="TC_04_Product_Price" time="0.000" classname="com.liveguru.user.Level_18_Live_Coding_Liveguru">
    <skipped/>
  </testcase> <!-- TC_04_Product_Price -->
  <testcase name="TC_08_Share_Wishlist" time="0.000" classname="com.liveguru.user.Level_18_Live_Coding_Liveguru">
    <skipped/>
  </testcase> <!-- TC_08_Share_Wishlist -->
</testsuite> <!-- com.liveguru.user.Level_18_Live_Coding_Liveguru -->
