<?xml version="1.0" encoding="UTF-8"?>
<!-- Generated by org.testng.reporters.JUnitReportReporter -->
<testsuite skipped="1" hostname="DESKTOP-LB2MBC3" name="com.nopcommerce.admin.Level_09_Web_Data_Table" tests="1" failures="0" timestamp="20 Jan 2021 09:05:38 GMT" time="0.000" errors="0">
  <testcase name="TC_05_Position" time="0.000" classname="com.nopcommerce.admin.Level_09_Web_Data_Table">
    <skipped/>
  </testcase> <!-- TC_05_Position -->
</testsuite> <!-- com.nopcommerce.admin.Level_09_Web_Data_Table -->
